Time	Cycle	PC	Insn	Decoded instruction	Register and memory contents
           9000	         5	80000080	40001637	lui	x12,0x40001	 x12=0x40001000
          10000	         6	80000084	10460613	addi	x12,x12,260	 x12:0x40001000 x12=0x40001104
          11000	         7	80000088	30161073	csrrw	x0,misa,x12	 x12:0x40001104  x0=0x00000000
          14000	        10	8000008c	0000ce97	auipc	x29,0xc	 x29=0x8000c08c
          15000	        11	80000090	bf8e8e93	addi	x29,x29,-1032	 x29:0x8000c08c x29=0x8000bc84
          16000	        12	80000094	00000617	auipc	x12,0x0	 x12=0x80000094
          17000	        13	80000098	f6c60613	addi	x12,x12,-148	 x12:0x80000094 x12=0x80000000
          18000	        14	8000009c	00166613	ori	x12,x12,1	 x12:0x80000000 x12=0x80000001
          19000	        15	800000a0	30561073	csrrw	x0,mtvec,x12	 x12:0x80000001  x0=0x00000000
          22000	        18	800000a4	00000617	auipc	x12,0x0	 x12=0x800000a4
          23000	        19	800000a8	00c60613	addi	x12,x12,12	 x12:0x800000a4 x12=0x800000b0
          24000	        20	800000ac	34161073	csrrw	x0,mepc,x12	 x12:0x800000b0  x0=0x00000000
          25000	        21	800000b0	80000037	lui	x0,0x80000	  x0=0x00000000
          26000	        22	800000b4	0001	c.addi	x0,0	  x0:0x00000000  x0=0x00000000
          27000	        23	800000b6	fdca50b7	lui	x1,0xfdca5	  x1=0xfdca5000
          28000	        24	800000ba	e7208093	addi	x1,x1,-398	  x1:0xfdca5000  x1=0xfdca4e72
          29000	        25	800000be	412d	c.li	x2,11	  x2=0x0000000b
          30000	        26	800000c0	c712d1b7	lui	x3,0xc712d	  x3=0xc712d000
          31000	        27	800000c4	cd118193	addi	x3,x3,-815	  x3:0xc712d000  x3=0xc712ccd1
          32000	        28	800000c8	4219	c.li	x4,6	  x4=0x00000006
          33000	        29	800000ca	42b5	c.li	x5,13	  x5=0x0000000d
          34000	        30	800000cc	80000337	lui	x6,0x80000	  x6=0x80000000
          35000	        31	800000d0	4381	c.li	x7,0	  x7=0x00000000
          36000	        32	800000d2	4401	c.li	x8,0	  x8=0x00000000
          37000	        33	800000d4	fec7f4b7	lui	x9,0xfec7f	  x9=0xfec7f000
          38000	        34	800000d8	ed248493	addi	x9,x9,-302	  x9:0xfec7f000  x9=0xfec7eed2
          39000	        35	800000dc	80000537	lui	x10,0x80000	 x10=0x80000000
          40000	        36	800000e0	800005b7	lui	x11,0x80000	 x11=0x80000000
          41000	        37	800000e4	4601	c.li	x12,0	 x12=0x00000000
          42000	        38	800000e6	fa1196b7	lui	x13,0xfa119	 x13=0xfa119000
          43000	        39	800000ea	c5168693	addi	x13,x13,-943	 x13:0xfa119000 x13=0xfa118c51
          44000	        40	800000ee	fc337737	lui	x14,0xfc337	 x14=0xfc337000
          45000	        41	800000f2	0c370713	addi	x14,x14,195	 x14:0xfc337000 x14=0xfc3370c3
          46000	        42	800000f6	4781	c.li	x15,0	 x15=0x00000000
          47000	        43	800000f8	4801	c.li	x16,0	 x16=0x00000000
          48000	        44	800000fa	4899	c.li	x17,6	 x17=0x00000006
          49000	        45	800000fc	80000937	lui	x18,0x80000	 x18=0x80000000
          50000	        46	80000100	4991	c.li	x19,4	 x19=0x00000004
          51000	        47	80000102	4a29	c.li	x20,10	 x20=0x0000000a
          52000	        48	80000104	4a81	c.li	x21,0	 x21=0x00000000
          53000	        49	80000106	4b2d	c.li	x22,11	 x22=0x0000000b
          54000	        50	80000108	4ba9	c.li	x23,10	 x23=0x0000000a
          55000	        51	8000010a	4c01	c.li	x24,0	 x24=0x00000000
          56000	        52	8000010c	4c81	c.li	x25,0	 x25=0x00000000
          57000	        53	8000010e	4d01	c.li	x26,0	 x26=0x00000000
          58000	        54	80000110	f0b3adb7	lui	x27,0xf0b3a	 x27=0xf0b3a000
          59000	        55	80000114	425d8d93	addi	x27,x27,1061	 x27:0xf0b3a000 x27=0xf0b3a425
          60000	        56	80000118	80000e37	lui	x28,0x80000	 x28=0x80000000
          61000	        57	8000011c	4f01	c.li	x30,0	 x30=0x00000000
          62000	        58	8000011e	00007f97	auipc	x31,0x7	 x31=0x8000711e
          63000	        59	80000122	d46f8f93	addi	x31,x31,-698	 x31:0x8000711e x31=0x80006e64
          65000	        61	80000126	a009	c.j	80000128	
          66000	        62	80000128	02b6	c.slli	x5,0xd	  x5:0x0000000d  x5=0x0001a000
          67000	        63	8000012a	00ba7a63	bgeu	x20,x11,8000013e	 x20:0x0000000a x11:0x80000000
          68000	        64	8000012e	886e	c.mv	x16,x27	  x0:0x00000000 x27:0xf0b3a425 x16=0xf0b3a425
          69000	        65	80000130	852e	c.mv	x10,x11	  x0:0x00000000 x11:0x80000000 x10=0x80000000
          70000	        66	80000132	0522	c.slli	x10,0x8	 x10:0x80000000 x10=0x00000000
          71000	        67	80000134	32fcc293	xori	x5,x25,815	 x25:0x00000000  x5=0x0000032f
          72000	        68	80000138	b5343713	sltiu	x14,x8,-1197	  x8:0x00000000 x14=0x00000001
          73000	        69	8000013c	c2d9	c.beqz	x13,800001c2	 x13:0xfa118c51
          74000	        70	8000013e	09b7d6b7	lui	x13,0x9b7d	 x13=0x09b7d000
          75000	        71	80000142	0047f9b3	and	x19,x15,x4	 x15:0x00000000  x4:0x00000006 x19=0x00000000
          76000	        72	80000146	a273ad13	slti	x26,x7,-1497	  x7:0x00000000 x26=0x00000000
          77000	        73	8000014a	071b6c63	bltu	x22,x17,800001c2	 x22:0x0000000b x17:0x00000006
          79000	        75	8000014e	07456a63	bltu	x10,x20,800001c2	 x10:0x00000000 x20:0x0000000a
          82000	        78	800001c2	017c23b3	slt	x7,x24,x23	 x24:0x00000000 x23:0x0000000a  x7=0x00000001
          83000	        79	800001c6	00000f17	auipc	x30,0x0	 x30=0x800001c6
          84000	        80	800001ca	00cf0f13	addi	x30,x30,12	 x30:0x800001c6 x30=0x800001d2
          86000	        82	800001ce	000f0067	jalr	x0,0(x30)	 x30:0x800001d2  x0=0x00000000
          87000	        83	800001d2	4185	c.li	x3,1	  x3=0x00000001
          88000	        84	800001d4	00000073	ecall	
          92000	        88	80000000	5300106f	jal	x0,80001530	  x0=0x00000000
          93000	        89	80001530	340f9ff3	csrrw	x31,mscratch,x31	 x31:0x80006e64 x31=0x00000000
          94000	        90	80001534	000e8fb3	add	x31,x29,x0	 x29:0x8000bc84  x0:0x00000000 x31=0x8000bc84
          95000	        91	80001538	f84f8f93	addi	x31,x31,-124	 x31:0x8000bc84 x31=0x8000bc08
          97000	        93	8000153c	001fa223	sw	x1,4(x31)	 x31:0x8000bc08  x1:0xfdca4e72 PA:0x8000bc0c store:0xfdca4e72 load:0x00000000
          99000	        95	80001540	002fa423	sw	x2,8(x31)	 x31:0x8000bc08  x2:0x0000000b PA:0x8000bc10 store:0x0000000b load:0x00000000
         101000	        97	80001544	003fa623	sw	x3,12(x31)	 x31:0x8000bc08  x3:0x00000001 PA:0x8000bc14 store:0x00000001 load:0x00000000
         103000	        99	80001548	004fa823	sw	x4,16(x31)	 x31:0x8000bc08  x4:0x00000006 PA:0x8000bc18 store:0x00000006 load:0x00000000
         105000	       101	8000154c	005faa23	sw	x5,20(x31)	 x31:0x8000bc08  x5:0x0000032f PA:0x8000bc1c store:0x0000032f load:0x00000000
         107000	       103	80001550	006fac23	sw	x6,24(x31)	 x31:0x8000bc08  x6:0x80000000 PA:0x8000bc20 store:0x80000000 load:0x00000000
         109000	       105	80001554	007fae23	sw	x7,28(x31)	 x31:0x8000bc08  x7:0x00000001 PA:0x8000bc24 store:0x00000001 load:0x00000000
         111000	       107	80001558	028fa023	sw	x8,32(x31)	 x31:0x8000bc08  x8:0x00000000 PA:0x8000bc28 store:0x00000000 load:0x00000000
         113000	       109	8000155c	029fa223	sw	x9,36(x31)	 x31:0x8000bc08  x9:0xfec7eed2 PA:0x8000bc2c store:0xfec7eed2 load:0x00000000
         115000	       111	80001560	02afa423	sw	x10,40(x31)	 x31:0x8000bc08 x10:0x00000000 PA:0x8000bc30 store:0x00000000 load:0x00000000
         117000	       113	80001564	02bfa623	sw	x11,44(x31)	 x31:0x8000bc08 x11:0x80000000 PA:0x8000bc34 store:0x80000000 load:0x00000000
         119000	       115	80001568	02cfa823	sw	x12,48(x31)	 x31:0x8000bc08 x12:0x00000000 PA:0x8000bc38 store:0x00000000 load:0x00000000
         121000	       117	8000156c	02dfaa23	sw	x13,52(x31)	 x31:0x8000bc08 x13:0x09b7d000 PA:0x8000bc3c store:0x09b7d000 load:0x00000000
         123000	       119	80001570	02efac23	sw	x14,56(x31)	 x31:0x8000bc08 x14:0x00000001 PA:0x8000bc40 store:0x00000001 load:0x00000000
         125000	       121	80001574	02ffae23	sw	x15,60(x31)	 x31:0x8000bc08 x15:0x00000000 PA:0x8000bc44 store:0x00000000 load:0x00000000
         127000	       123	80001578	050fa023	sw	x16,64(x31)	 x31:0x8000bc08 x16:0xf0b3a425 PA:0x8000bc48 store:0xf0b3a425 load:0x00000000
         129000	       125	8000157c	051fa223	sw	x17,68(x31)	 x31:0x8000bc08 x17:0x00000006 PA:0x8000bc4c store:0x00000006 load:0x00000000
         131000	       127	80001580	052fa423	sw	x18,72(x31)	 x31:0x8000bc08 x18:0x80000000 PA:0x8000bc50 store:0x80000000 load:0x00000000
         133000	       129	80001584	053fa623	sw	x19,76(x31)	 x31:0x8000bc08 x19:0x00000000 PA:0x8000bc54 store:0x00000000 load:0x00000000
         135000	       131	80001588	054fa823	sw	x20,80(x31)	 x31:0x8000bc08 x20:0x0000000a PA:0x8000bc58 store:0x0000000a load:0x00000000
         137000	       133	8000158c	055faa23	sw	x21,84(x31)	 x31:0x8000bc08 x21:0x00000000 PA:0x8000bc5c store:0x00000000 load:0x00000000
         139000	       135	80001590	056fac23	sw	x22,88(x31)	 x31:0x8000bc08 x22:0x0000000b PA:0x8000bc60 store:0x0000000b load:0x00000000
         141000	       137	80001594	057fae23	sw	x23,92(x31)	 x31:0x8000bc08 x23:0x0000000a PA:0x8000bc64 store:0x0000000a load:0x00000000
         143000	       139	80001598	078fa023	sw	x24,96(x31)	 x31:0x8000bc08 x24:0x00000000 PA:0x8000bc68 store:0x00000000 load:0x00000000
         145000	       141	8000159c	079fa223	sw	x25,100(x31)	 x31:0x8000bc08 x25:0x00000000 PA:0x8000bc6c store:0x00000000 load:0x00000000
         147000	       143	800015a0	07afa423	sw	x26,104(x31)	 x31:0x8000bc08 x26:0x00000000 PA:0x8000bc70 store:0x00000000 load:0x00000000
         149000	       145	800015a4	07bfa623	sw	x27,108(x31)	 x31:0x8000bc08 x27:0xf0b3a425 PA:0x8000bc74 store:0xf0b3a425 load:0x00000000
         151000	       147	800015a8	07cfa823	sw	x28,112(x31)	 x31:0x8000bc08 x28:0x80000000 PA:0x8000bc78 store:0x80000000 load:0x00000000
         153000	       149	800015ac	07dfaa23	sw	x29,116(x31)	 x31:0x8000bc08 x29:0x8000bc84 PA:0x8000bc7c store:0x8000bc84 load:0x00000000
         155000	       151	800015b0	07efac23	sw	x30,120(x31)	 x31:0x8000bc08 x30:0x800001d2 PA:0x8000bc80 store:0x800001d2 load:0x00000000
         157000	       153	800015b4	07ffae23	sw	x31,124(x31)	 x31:0x8000bc08 x31:0x8000bc08 PA:0x8000bc84 store:0x8000bc08 load:0x00000000
         158000	       154	800015b8	34102673	csrrs	x12,mepc,x0	  x0:0x00000000 x12=0x800001d4
         159000	       155	800015bc	34202673	csrrs	x12,mcause,x0	  x0:0x00000000 x12=0x0000000b
         160000	       156	800015c0	4bad	c.li	x23,11	 x23=0x0000000b
         162000	       158	800015c2	01760d63	beq	x12,x23,800015dc	 x12:0x0000000b x23:0x0000000b
         164000	       160	800015dc	fffff617	auipc	x12,0xfffff	 x12=0x800005dc
         165000	       161	800015e0	aa460613	addi	x12,x12,-1372	 x12:0x800005dc x12=0x80000080
         167000	       163	800015e4	00062023	sw	x0,0(x12)	 x12:0x80000080  x0:0x00000000 PA:0x80000080 store:0x00000000 load:0x00000000
         169000	       165	800015e8	00162223	sw	x1,4(x12)	 x12:0x80000080  x1:0xfdca4e72 PA:0x80000084 store:0xfdca4e72 load:0x00000000
         171000	       167	800015ec	00262423	sw	x2,8(x12)	 x12:0x80000080  x2:0x0000000b PA:0x80000088 store:0x0000000b load:0x00000000
         173000	       169	800015f0	00362623	sw	x3,12(x12)	 x12:0x80000080  x3:0x00000001 PA:0x8000008c store:0x00000001 load:0x00000000
         175000	       171	800015f4	00462823	sw	x4,16(x12)	 x12:0x80000080  x4:0x00000006 PA:0x80000090 store:0x00000006 load:0x00000000
         177000	       173	800015f8	00562a23	sw	x5,20(x12)	 x12:0x80000080  x5:0x0000032f PA:0x80000094 store:0x0000032f load:0x00000000
         179000	       175	800015fc	00662c23	sw	x6,24(x12)	 x12:0x80000080  x6:0x80000000 PA:0x80000098 store:0x80000000 load:0x00000000
         181000	       177	80001600	00762e23	sw	x7,28(x12)	 x12:0x80000080  x7:0x00000001 PA:0x8000009c store:0x00000001 load:0x00000000
         183000	       179	80001604	d200	c.sw	x8,32(x12)	 x12:0x80000080  x8:0x00000000 PA:0x800000a0 store:0x00000000 load:0x00000000
         185000	       181	80001606	d244	c.sw	x9,36(x12)	 x12:0x80000080  x9:0xfec7eed2 PA:0x800000a4 store:0xfec7eed2 load:0x00000000
         187000	       183	80001608	d608	c.sw	x10,40(x12)	 x12:0x80000080 x10:0x00000000 PA:0x800000a8 store:0x00000000 load:0x00000000
         189000	       185	8000160a	d64c	c.sw	x11,44(x12)	 x12:0x80000080 x11:0x80000000 PA:0x800000ac store:0x80000000 load:0x00000000
         191000	       187	8000160c	da10	c.sw	x12,48(x12)	 x12:0x80000080 x12:0x80000080 PA:0x800000b0 store:0x80000080 load:0x00000000
         193000	       189	8000160e	da54	c.sw	x13,52(x12)	 x12:0x80000080 x13:0x09b7d000 PA:0x800000b4 store:0x09b7d000 load:0x00000000
         195000	       191	80001610	de18	c.sw	x14,56(x12)	 x12:0x80000080 x14:0x00000001 PA:0x800000b8 store:0x00000001 load:0x00000000
         197000	       193	80001612	de5c	c.sw	x15,60(x12)	 x12:0x80000080 x15:0x00000000 PA:0x800000bc store:0x00000000 load:0x00000000
         199000	       195	80001614	05062023	sw	x16,64(x12)	 x12:0x80000080 x16:0xf0b3a425 PA:0x800000c0 store:0xf0b3a425 load:0x00000000
         201000	       197	80001618	05162223	sw	x17,68(x12)	 x12:0x80000080 x17:0x00000006 PA:0x800000c4 store:0x00000006 load:0x00000000
         203000	       199	8000161c	05262423	sw	x18,72(x12)	 x12:0x80000080 x18:0x80000000 PA:0x800000c8 store:0x80000000 load:0x00000000
         205000	       201	80001620	05362623	sw	x19,76(x12)	 x12:0x80000080 x19:0x00000000 PA:0x800000cc store:0x00000000 load:0x00000000
         207000	       203	80001624	05462823	sw	x20,80(x12)	 x12:0x80000080 x20:0x0000000a PA:0x800000d0 store:0x0000000a load:0x00000000
         209000	       205	80001628	05562a23	sw	x21,84(x12)	 x12:0x80000080 x21:0x00000000 PA:0x800000d4 store:0x00000000 load:0x00000000
         211000	       207	8000162c	05662c23	sw	x22,88(x12)	 x12:0x80000080 x22:0x0000000b PA:0x800000d8 store:0x0000000b load:0x00000000
         213000	       209	80001630	05762e23	sw	x23,92(x12)	 x12:0x80000080 x23:0x0000000b PA:0x800000dc store:0x0000000b load:0x00000000
         215000	       211	80001634	07862023	sw	x24,96(x12)	 x12:0x80000080 x24:0x00000000 PA:0x800000e0 store:0x00000000 load:0x00000000
         217000	       213	80001638	07962223	sw	x25,100(x12)	 x12:0x80000080 x25:0x00000000 PA:0x800000e4 store:0x00000000 load:0x00000000
         219000	       215	8000163c	07a62423	sw	x26,104(x12)	 x12:0x80000080 x26:0x00000000 PA:0x800000e8 store:0x00000000 load:0x00000000
         221000	       217	80001640	07b62623	sw	x27,108(x12)	 x12:0x80000080 x27:0xf0b3a425 PA:0x800000ec store:0xf0b3a425 load:0x00000000
         223000	       219	80001644	07c62823	sw	x28,112(x12)	 x12:0x80000080 x28:0x80000000 PA:0x800000f0 store:0x80000000 load:0x00000000
         225000	       221	80001648	07d62a23	sw	x29,116(x12)	 x12:0x80000080 x29:0x8000bc84 PA:0x800000f4 store:0x8000bc84 load:0x00000000
         227000	       223	8000164c	07e62c23	sw	x30,120(x12)	 x12:0x80000080 x30:0x800001d2 PA:0x800000f8 store:0x800001d2 load:0x00000000
         229000	       225	80001650	07f62e23	sw	x31,124(x12)	 x12:0x80000080 x31:0x8000bc08 PA:0x800000fc store:0x8000bc08 load:0x00000000
         230000	       226	80001654	34102673	csrrs	x12,mepc,x0	  x0:0x00000000 x12=0x800001d4
         231000	       227	80001658	0611	c.addi	x12,4	 x12:0x800001d4 x12=0x800001d8
         232000	       228	8000165a	34161073	csrrw	x0,mepc,x12	 x12:0x800001d8  x0=0x00000000
         233000	       229	8000165e	30200073	mret	
         236000	       232	800001d8	00002f17	auipc	x30,0x2	 x30=0x800021d8
         238000	       234	800001dc	e23f2423	sw	x3,-472(x30)	 x30:0x800021d8  x3:0x00000001 PA:0x80002000 store:0x00000001 load:0x00000000
