Time	Cycle	PC	Insn	Decoded instruction	Register and memory contents
          15000	         5	80000080	40001137	lui	x2,0x40001	  x2=0x40001000
          16000	         6	80000084	10410113	addi	x2,x2,260	  x2:0x40001000  x2=0x40001104
          17000	         7	80000088	30111073	csrrw	x0,misa,x2	  x2:0x40001104  x0=0x00000000
          20000	        10	8000008c	00010517	auipc	x10,0x10	 x10=0x8001008c
          21000	        11	80000090	bf850513	addi	x10,x10,-1032	 x10:0x8001008c x10=0x8000fc84
          22000	        12	80000094	00000117	auipc	x2,0x0	  x2=0x80000094
          23000	        13	80000098	f6c10113	addi	x2,x2,-148	  x2:0x80000094  x2=0x80000000
          24000	        14	8000009c	00116113	ori	x2,x2,1	  x2:0x80000000  x2=0x80000001
          25000	        15	800000a0	30511073	csrrw	x0,mtvec,x2	  x2:0x80000001  x0=0x00000000
          28000	        18	800000a4	00000117	auipc	x2,0x0	  x2=0x800000a4
          29000	        19	800000a8	00c10113	addi	x2,x2,12	  x2:0x800000a4  x2=0x800000b0
          30000	        20	800000ac	34111073	csrrw	x0,mepc,x2	  x2:0x800000b0  x0=0x00000000
          31000	        21	800000b0	80000037	lui	x0,0x80000	  x0=0x00000000
          32000	        22	800000b4	0001	c.addi	x0,0	  x0:0x00000000  x0=0x00000000
          33000	        23	800000b6	f54a30b7	lui	x1,0xf54a3	  x1=0xf54a3000
          34000	        24	800000ba	b8d08093	addi	x1,x1,-1139	  x1:0xf54a3000  x1=0xf54a2b8d
          35000	        25	800000be	412d	c.li	x2,11	  x2=0x0000000b
          36000	        26	800000c0	400aa1b7	lui	x3,0x400aa	  x3=0x400aa000
          37000	        27	800000c4	c7318193	addi	x3,x3,-909	  x3:0x400aa000  x3=0x400a9c73
          38000	        28	800000c8	e2857237	lui	x4,0xe2857	  x4=0xe2857000
          39000	        29	800000cc	1d720213	addi	x4,x4,471	  x4:0xe2857000  x4=0xe28571d7
          40000	        30	800000d0	977142b7	lui	x5,0x97714	  x5=0x97714000
          41000	        31	800000d4	dfc28293	addi	x5,x5,-516	  x5:0x97714000  x5=0x97713dfc
          42000	        32	800000d8	4301	c.li	x6,0	  x6=0x00000000
          43000	        33	800000da	032433b7	lui	x7,0x3243	  x7=0x03243000
          44000	        34	800000de	82538393	addi	x7,x7,-2011	  x7:0x03243000  x7=0x03242825
          45000	        35	800000e2	80000437	lui	x8,0x80000	  x8=0x80000000
          46000	        36	800000e6	4495	c.li	x9,5	  x9=0x00000005
          47000	        37	800000e8	459d	c.li	x11,7	 x11=0x00000007
          48000	        38	800000ea	f2fd2637	lui	x12,0xf2fd2	 x12=0xf2fd2000
          49000	        39	800000ee	ee760613	addi	x12,x12,-281	 x12:0xf2fd2000 x12=0xf2fd1ee7
          50000	        40	800000f2	4e2676b7	lui	x13,0x4e267	 x13=0x4e267000
          51000	        41	800000f6	eb568693	addi	x13,x13,-331	 x13:0x4e267000 x13=0x4e266eb5
          52000	        42	800000fa	ffd5e737	lui	x14,0xffd5e	 x14=0xffd5e000
          53000	        43	800000fe	e6770713	addi	x14,x14,-409	 x14:0xffd5e000 x14=0xffd5de67
          54000	        44	80000102	4785	c.li	x15,1	 x15=0x00000001
          55000	        45	80000104	4801	c.li	x16,0	 x16=0x00000000
          56000	        46	80000106	c00018b7	lui	x17,0xc0001	 x17=0xc0001000
          57000	        47	8000010a	78e88893	addi	x17,x17,1934	 x17:0xc0001000 x17=0xc000178e
          58000	        48	8000010e	494899b7	lui	x19,0x49489	 x19=0x49489000
          59000	        49	80000112	19b5	c.addi	x19,-19	 x19:0x49489000 x19=0x49488fed
          60000	        50	80000114	80000a37	lui	x20,0x80000	 x20=0x80000000
          61000	        51	80000118	80000ab7	lui	x21,0x80000	 x21=0x80000000
          62000	        52	8000011c	4b25	c.li	x22,9	 x22=0x00000009
          63000	        53	8000011e	4b81	c.li	x23,0	 x23=0x00000000
          64000	        54	80000120	fd1f5c37	lui	x24,0xfd1f5	 x24=0xfd1f5000
          65000	        55	80000124	3eac0c13	addi	x24,x24,1002	 x24:0xfd1f5000 x24=0xfd1f53ea
          66000	        56	80000128	4c91	c.li	x25,4	 x25=0x00000004
          67000	        57	8000012a	4d01	c.li	x26,0	 x26=0x00000000
          68000	        58	8000012c	4da9	c.li	x27,10	 x27=0x0000000a
          69000	        59	8000012e	80000e37	lui	x28,0x80000	 x28=0x80000000
          70000	        60	80000132	4e81	c.li	x29,0	 x29=0x00000000
          71000	        61	80000134	4f01	c.li	x30,0	 x30=0x00000000
          72000	        62	80000136	d2e78fb7	lui	x31,0xd2e78	 x31=0xd2e78000
          73000	        63	8000013a	693f8f93	addi	x31,x31,1683	 x31:0xd2e78000 x31=0xd2e78693
          74000	        64	8000013e	0000b917	auipc	x18,0xb	 x18=0x8000b13e
          75000	        65	80000142	d2690913	addi	x18,x18,-730	 x18:0x8000b13e x18=0x8000ae64
          77000	        67	80000146	a009	c.j	80000148	
          81000	        71	80000148	03843033	mulhu	x0,x8,x24	  x8:0x80000000 x24:0xfd1f53ea  x0=0x00000000
          82000	        72	8000014c	01342033	slt	x0,x8,x19	  x8:0x80000000 x19:0x49488fed  x0=0x00000000
          83000	        73	80000150	00ac4033	xor	x0,x24,x10	 x24:0xfd1f53ea x10:0x8000fc84  x0=0x00000000
          84000	        74	80000154	413db113	sltiu	x2,x27,1043	 x27:0x0000000a  x2=0x00000001
          85000	        75	80000158	009fd013	srli	x0,x31,0x9	 x31:0xd2e78693  x0=0x00000000
          89000	        79	8000015c	03c22e33	mulhsu	x28,x4,x28	  x4:0xe28571d7 x28:0x80000000 x28=0xf142b8eb
          90000	        80	80000160	41a608b3	sub	x17,x12,x26	 x12:0xf2fd1ee7 x26:0x00000000 x17=0xf2fd1ee7
          91000	        81	80000164	001510b3	sll	x1,x10,x1	 x10:0x8000fc84  x1:0xf54a2b8d  x1=0x1f908000
          92000	        82	80000168	cee5	c.beqz	x13,80000260	 x13:0x4e266eb5
         129000	       119	8000016a	03395233	divu	x4,x18,x19	 x18:0x8000ae64 x19:0x49488fed  x4=0x00000001
         130000	       120	8000016e	4131d033	sra	x0,x3,x19	  x3:0x400a9c73 x19:0x49488fed  x0=0x00000000
         131000	       121	80000172	99b6	c.add	x19,x13	 x19:0x49488fed x13:0x4e266eb5 x19=0x976efea2
         132000	       122	80000174	987d	c.andi	x8,-1	  x8:0x80000000  x8=0x80000000
         133000	       123	80000176	0e466063	bltu	x12,x4,80000256	 x12:0xf2fd1ee7  x4:0x00000001
         134000	       124	8000017a	8c55	c.or	x8,x13	  x8:0x80000000 x13:0x4e266eb5  x8=0xce266eb5
         135000	       125	8000017c	00004417	auipc	x8,0x4	  x8=0x8000417c
         136000	       126	80000180	d8f40413	addi	x8,x8,-625	  x8:0x8000417c  x8=0x80003f0b
         138000	       128	80000184	f8141b03	lh	x22,-127(x8)	  x8:0x80003f0b x22=0xffffd015 PA:0x80003e8c load:0xffffd015
         140000	       130	80000188	09440223	sb	x20,132(x8)	  x8:0x80003f0b x20:0x80000000 PA:0x80003f8f store:0x80000000 load:0x00000000
         141000	       131	8000018c	44f9	c.li	x9,30	  x9=0x0000001e
         143000	       133	8000018e	f3344f83	lbu	x31,-205(x8)	  x8:0x80003f0b x31=0x0000008f PA:0x80003e3e load:0x0000008f
         144000	       134	80000192	8ccd	c.or	x9,x11	  x9:0x0000001e x11:0x00000007  x9=0x0000001f
         145000	       135	80000194	6155	c.addi16sp	x2,304	  x2:0x00000001  x2=0x00000131
         147000	       137	80000196	f3040683	lb	x13,-208(x8)	  x8:0x80003f0b x13=0xffffffa8 PA:0x80003e3b load:0xffffffa8
         149000	       139	8000019a	07942a83	lw	x21,121(x8)	  x8:0x80003f0b x21=0x4f453da7 PA:0x80003f84 load:0x4f453da7
         152000	       142	8000019e	0a242a23	sw	x2,180(x8)	  x8:0x80003f0b  x2:0x00000131 PA:0x80003fbf store:0x00000131 load:0x00000000
         154000	       144	800001a2	07941b03	lh	x22,121(x8)	  x8:0x80003f0b x22=0x00003da7 PA:0x80003f84 load:0x00003da7
         156000	       146	800001a6	f2941ca3	sh	x9,-199(x8)	  x8:0x80003f0b  x9:0x0000001f PA:0x80003e44 store:0x0000001f load:0x00000000
         158000	       148	800001aa	042422a3	sw	x2,69(x8)	  x8:0x80003f0b  x2:0x00000131 PA:0x80003f50 store:0x00000131 load:0x00000000
         161000	       151	800001ae	022425a3	sw	x2,43(x8)	  x8:0x80003f0b  x2:0x00000131 PA:0x80003f36 store:0x00000131 load:0x00000000
         162000	       152	800001b2	95d2	c.add	x11,x20	 x11:0x00000007 x20:0x80000000 x11=0x80000007
         165000	       155	800001b4	fcc42a83	lw	x21,-52(x8)	  x8:0x80003f0b x21=0x84a5f604 PA:0x80003ed7 load:0x84a5f604
         166000	       156	800001b8	616d	c.addi16sp	x2,240	  x2:0x00000131  x2=0x00000221
         170000	       160	800001ba	024314b3	mulh	x9,x6,x4	  x6:0x00000000  x4:0x00000001  x9=0x00000000
         171000	       161	800001be	010829b3	slt	x19,x16,x16	 x16:0x00000000 x16:0x00000000 x19=0x00000000
         172000	       162	800001c2	41a65813	srai	x16,x12,0x1a	 x12:0xf2fd1ee7 x16=0xfffffffc
         173000	       163	800001c6	019b5db3	srl	x27,x22,x25	 x22:0x00003da7 x25:0x00000004 x27=0x000003da
         174000	       164	800001ca	01339113	slli	x2,x7,0x13	  x7:0x03242825  x2=0x41280000
         177000	       167	800001ce	0e941023	sh	x9,224(x8)	  x8:0x80003f0b  x9:0x00000000 PA:0x80003feb store:0x00000000 load:0x00000004
         179000	       169	800001d2	fa244f83	lbu	x31,-94(x8)	  x8:0x80003f0b x31=0x0000000b PA:0x80003ead load:0x0000000b
         180000	       170	800001d6	6c39	c.lui	x24,0xe	 x24=0x0000e000
         183000	       173	800001d8	fe242e23	sw	x2,-4(x8)	  x8:0x80003f0b  x2:0x41280000 PA:0x80003f07 store:0x41280000 load:0x00000004
         185000	       175	800001dc	f9b41b03	lh	x22,-101(x8)	  x8:0x80003f0b x22=0x0000524e PA:0x80003ea6 load:0x0000524e
         186000	       176	800001e0	409d55b3	sra	x11,x26,x9	 x26:0x00000000  x9:0x00000000 x11=0x00000000
         187000	       177	800001e4	8691	c.srai	x13,0x4	 x13:0xffffffa8 x13=0xfffffffa
         190000	       180	800001e6	f4242f23	sw	x2,-162(x8)	  x8:0x80003f0b  x2:0x41280000 PA:0x80003e69 store:0x41280000 load:0x00040000
         192000	       182	800001ea	07440aa3	sb	x20,117(x8)	  x8:0x80003f0b x20:0x80000000 PA:0x80003f80 store:0x80000000 load:0x00000000
         193000	       183	800001ee	0176d113	srli	x2,x13,0x17	 x13:0xfffffffa  x2=0x000001ff
         195000	       185	800001f2	0d544f83	lbu	x31,213(x8)	  x8:0x80003f0b x31=0x00000073 PA:0x80003fe0 load:0x00000073
         196000	       186	800001f6	8ed1	c.or	x13,x12	 x13:0xfffffffa x12:0xf2fd1ee7 x13=0xffffffff
         197000	       187	800001f8	e01ae717	auipc	x14,0xe01ae	 x14=0x601ae1f8
         199000	       189	800001fc	0e944f83	lbu	x31,233(x8)	  x8:0x80003f0b x31=0x000000d0 PA:0x80003ff4 load:0x000000d0
         203000	       193	80000200	0286af33	mulhsu	x30,x13,x8	 x13:0xffffffff  x8:0x80003f0b x30=0xffffffff
         204000	       194	80000204	01b7b593	sltiu	x11,x15,27	 x15:0x00000001 x11=0x00000001
         206000	       196	80000208	f3245003	lhu	x0,-206(x8)	  x8:0x80003f0b  x0=0x00000000 PA:0x80003e3d load:0x00008f35
         208000	       198	8000020c	01142a83	lw	x21,17(x8)	  x8:0x80003f0b x21=0x434a6c7d PA:0x80003f1c load:0x434a6c7d
         209000	       199	80000210	80c6	c.mv	x1,x17	  x0:0x00000000 x17:0xf2fd1ee7  x1=0xf2fd1ee7
         210000	       200	80000212	48f18013	addi	x0,x3,1167	  x3:0x400a9c73  x0=0x00000000
         212000	       202	80000216	f4e40683	lb	x13,-178(x8)	  x8:0x80003f0b x13=0xfffffff3 PA:0x80003e59 load:0xfffffff3
         215000	       205	8000021a	fbc45003	lhu	x0,-68(x8)	  x8:0x80003f0b  x0=0x00000000 PA:0x80003ec7 load:0x0000a27a
         216000	       206	8000021e	3e8b3193	sltiu	x3,x22,1000	 x22:0x0000524e  x3=0x00000000
         217000	       207	80000222	6149	c.addi16sp	x2,144	  x2:0x000001ff  x2=0x0000028f
         219000	       209	80000224	ff440f23	sb	x20,-2(x8)	  x8:0x80003f0b x20:0x80000000 PA:0x80003f09 store:0x80000000 load:0x00000000
         221000	       211	80000228	fe141b03	lh	x22,-31(x8)	  x8:0x80003f0b x22=0xffff8d13 PA:0x80003eec load:0xffff8d13
         223000	       213	8000022c	0e242ca3	sw	x2,249(x8)	  x8:0x80003f0b  x2:0x0000028f PA:0x80004004 store:0x0000028f load:0x00000000
         225000	       215	80000230	05440023	sb	x20,64(x8)	  x8:0x80003f0b x20:0x80000000 PA:0x80003f4b store:0x80000000 load:0x00000000
         228000	       218	80000234	fdc45003	lhu	x0,-36(x8)	  x8:0x80003f0b  x0=0x00000000 PA:0x80003ee7 load:0x0000b06d
         230000	       220	80000238	fd440ea3	sb	x20,-35(x8)	  x8:0x80003f0b x20:0x80000000 PA:0x80003ee8 store:0x80000000 load:0x00000000
         232000	       222	8000023c	04942a83	lw	x21,73(x8)	  x8:0x80003f0b x21=0xe1b99538 PA:0x80003f54 load:0xe1b99538
    