Time	Cycle	PC	Insn	Decoded instruction	Register and memory contents
          15000	         5	80000080	40001137	lui	x2,0x40001	  x2=0x40001000
          16000	         6	80000084	10410113	addi	x2,x2,260	  x2:0x40001000  x2=0x40001104
          17000	         7	80000088	30111073	csrrw	x0,misa,x2	  x2:0x40001104  x0=0x00000000
          20000	        10	8000008c	00010517	auipc	x10,0x10	 x10=0x8001008c
          21000	        11	80000090	bf850513	addi	x10,x10,-1032	 x10:0x8001008c x10=0x8000fc84
          22000	        12	80000094	00000117	auipc	x2,0x0	  x2=0x80000094
          23000	        13	80000098	f6c10113	addi	x2,x2,-148	  x2:0x80000094  x2=0x80000000
          24000	        14	8000009c	00116113	ori	x2,x2,1	  x2:0x80000000  x2=0x80000001
          25000	        15	800000a0	30511073	csrrw	x0,mtvec,x2	  x2:0x80000001  x0=0x00000000
          28000	        18	800000a4	00000117	auipc	x2,0x0	  x2=0x800000a4
          29000	        19	800000a8	00c10113	addi	x2,x2,12	  x2:0x800000a4  x2=0x800000b0
          30000	        20	800000ac	34111073	csrrw	x0,mepc,x2	  x2:0x800000b0  x0=0x00000000
          31000	        21	800000b0	80000037	lui	x0,0x80000	  x0=0x00000000
          32000	        22	800000b4	0001	c.addi	x0,0	  x0:0x00000000  x0=0x00000000
          33000	        23	800000b6	f54a30b7	lui	x1,0xf54a3	  x1=0xf54a3000
          34000	        24	800000ba	b8d08093	addi	x1,x1,-1139	  x1:0xf54a3000  x1=0xf54a2b8d
          35000	        25	800000be	412d	c.li	x2,11	  x2=0x0000000b
          36000	        26	800000c0	400aa1b7	lui	x3,0x400aa	  x3=0x400aa000
          37000	        27	800000c4	c7318193	addi	x3,x3,-909	  x3:0x400aa000  x3=0x400a9c73
          38000	        28	800000c8	e2857237	lui	x4,0xe2857	  x4=0xe2857000
          39000	        29	800000cc	1d720213	addi	x4,x4,471	  x4:0xe2857000  x4=0xe28571d7
          40000	        30	800000d0	977142b7	lui	x5,0x97714	  x5=0x97714000
          41000	        31	800000d4	dfc28293	addi	x5,x5,-516	  x5:0x97714000  x5=0x97713dfc
          42000	        32	800000d8	4301	c.li	x6,0	  x6=0x00000000
          43000	        33	800000da	032433b7	lui	x7,0x3243	  x7=0x03243000
          44000	        34	800000de	82538393	addi	x7,x7,-2011	  x7:0x03243000  x7=0x03242825
          45000	        35	800000e2	80000437	lui	x8,0x80000	  x8=0x80000000
          46000	        36	800000e6	4495	c.li	x9,5	  x9=0x00000005
          47000	        37	800000e8	459d	c.li	x11,7	 x11=0x00000007
          48000	        38	800000ea	f2fd2637	lui	x12,0xf2fd2	 x12=0xf2fd2000
          49000	        39	800000ee	ee760613	addi	x12,x12,-281	 x12:0xf2fd2000 x12=0xf2fd1ee7
          50000	        40	800000f2	4e2676b7	lui	x13,0x4e267	 x13=0x4e267000
          51000	        41	800000f6	eb568693	addi	x13,x13,-331	 x13:0x4e267000 x13=0x4e266eb5
          52000	        42	800000fa	ffd5e737	lui	x14,0xffd5e	 x14=0xffd5e000
          53000	        43	800000fe	e6770713	addi	x14,x14,-409	 x14:0xffd5e000 x14=0xffd5de67
          54000	        44	80000102	4785	c.li	x15,1	 x15=0x00000001
          55000	        45	80000104	4801	c.li	x16,0	 x16=0x00000000
          56000	        46	80000106	c00018b7	lui	x17,0xc0001	 x17=0xc0001000
          57000	        47	8000010a	78e88893	addi	x17,x17,1934	 x17:0xc0001000 x17=0xc000178e
          58000	        48	8000010e	494899b7	lui	x19,0x49489	 x19=0x49489000
          59000	        49	80000112	19b5	c.addi	x19,-19	 x19:0x49489000 x19=0x49488fed
          60000	        50	80000114	80000a37	lui	x20,0x80000	 x20=0x80000000
          61000	        51	80000118	80000ab7	lui	x21,0x80000	 x21=0x80000000
          62000	        52	8000011c	4b25	c.li	x22,9	 x22=0x00000009
          63000	        53	8000011e	4b81	c.li	x23,0	 x23=0x00000000
          64000	        54	80000120	fd1f5c37	lui	x24,0xfd1f5	 x24=0xfd1f5000
          65000	        55	80000124	3eac0c13	addi	x24,x24,1002	 x24:0xfd1f5000 x24=0xfd1f53ea
          66000	        56	80000128	4c91	c.li	x25,4	 x25=0x00000004
          67000	        57	8000012a	4d01	c.li	x26,0	 x26=0x00000000
          68000	        58	8000012c	4da9	c.li	x27,10	 x27=0x0000000a
          69000	        59	8000012e	80000e37	lui	x28,0x80000	 x28=0x80000000
          70000	        60	80000132	4e81	c.li	x29,0	 x29=0x00000000
          71000	        61	80000134	4f01	c.li	x30,0	 x30=0x00000000
          72000	        62	80000136	d2e78fb7	lui	x31,0xd2e78	 x31=0xd2e78000
          73000	        63	8000013a	693f8f93	addi	x31,x31,1683	 x31:0xd2e78000 x31=0xd2e78693
          74000	        64	8000013e	0000b917	auipc	x18,0xb	 x18=0x8000b13e
          75000	        65	80000142	d2690913	addi	x18,x18,-730	 x18:0x8000b13e x18=0x8000ae64
          77000	        67	80000146	a009	c.j	80000148	
          81000	        71	80000148	03843033	mulhu	x0,x8,x24	  x8:0x80000000 x24:0xfd1f53ea  x0=0x00000000
          82000	        72	8000014c	01342033	slt	x0,x8,x19	  x8:0x80000000 x19:0x49488fed  x0=0x00000000
          83000	        73	80000150	00ac4033	xor	x0,x24,x10	 x24:0xfd1f53ea x10:0x8000fc84  x0=0x00000000
          84000	        74	80000154	413db113	sltiu	x2,x27,1043	 x27:0x0000000a  x2=0x00000001
          85000	        75	80000158	009fd013	srli	x0,x31,0x9	 x31:0xd2e78693  x0=0x00000000
          89000	        79	8000015c	03c22e33	mulhsu	x28,x4,x28	  x4:0xe28571d7 x28:0x80000000 x28=0xf142b8eb
          90000	        80	80000160	41a608b3	sub	x17,x12,x26	 x12:0xf2fd1ee7 x26:0x00000000 x17=0xf2fd1ee7
          91000	        81	80000164	001510b3	sll	x1,x10,x1	 x10:0x8000fc84  x1:0xf54a2b8d  x1=0x1f908000
          92000	        82	80000168	cee5	c.beqz	x13,80000260	 x13:0x4e266eb5
         129000	       119	8000016a	03395233	divu	x4,x18,x19	 x18:0x8000ae64 x19:0x49488fed  x4=0x00000001
         130000	       120	8000016e	4131d033	sra	x0,x3,x19	  x3:0x400a9c73 x19:0x49488fed  x0=0x00000000
         131000	       121	80000172	99b6	c.add	x19,x13	 x19:0x49488fed x13:0x4e266eb5 x19=0x976efea2
         132000	       122	80000174	987d	c.andi	x8,-1	  x8:0x80000000  x8=0x80000000
         133000	       123	80000176	0e466063	bltu	x12,x4,80000256	 x12:0xf2fd1ee7  x4:0x00000001
         134000	       124	8000017a	8c55	c.or	x8,x13	  x8:0x80000000 x13:0x4e266eb5  x8=0xce266eb5
         135000	       125	8000017c	00004417	auipc	x8,0x4	  x8=0x8000417c
         136000	       126	80000180	d8f40413	addi	x8,x8,-625	  x8:0x8000417c  x8=0x80003f0b
         138000	       128	80000184	f8141b03	lh	x22,-127(x8)	  x8:0x80003f0b x22=0xffffd015 PA:0x80003e8c load:0xffffd015
         140000	       130	80000188	09440223	sb	x20,132(x8)	  x8:0x80003f0b x20:0x80000000 PA:0x80003f8f store:0x80000000 load:0x00000000
         141000	       131	8000018c	44f9	c.li	x9,30	  x9=0x0000001e
         143000	       133	8000018e	f3344f83	lbu	x31,-205(x8)	  x8:0x80003f0b x31=0x0000008f PA:0x80003e3e load:0x0000008f
         144000	       134	80000192	8ccd	c.or	x9,x11	  x9:0x0000001e x11:0x00000007  x9=0x0000001f
         145000	       135	80000194	6155	c.addi16sp	x2,304	  x2:0x00000001  x2=0x00000131
         147000	       137	80000196	f3040683	lb	x13,-208(x8)	  x8:0x80003f0b x13=0xffffffa8 PA:0x80003e3b load:0xffffffa8
         149000	       139	8000019a	07942a83	lw	x21,121(x8)	  x8:0x80003f0b x21=0x4f453da7 PA:0x80003f84 load:0x4f453da7
         152000	       142	8000019e	0a242a23	sw	x2,180(x8)	  x8:0x80003f0b  x2:0x00000131 PA:0x80003fbf store:0x00000131 load:0x00000000
         154000	       144	800001a2	07941b03	lh	x22,121(x8)	  x8:0x80003f0b x22=0x00003da7 PA:0x80003f84 load:0x00003da7
         156000	       146	800001a6	f2941ca3	sh	x9,-199(x8)	  x8:0x80003f0b  x9:0x0000001f PA:0x80003e44 store:0x0000001f load:0x00000000
         158000	       148	800001aa	042422a3	sw	x2,69(x8)	  x8:0x80003f0b  x2:0x00000131 PA:0x80003f50 store:0x00000131 load:0x00000000
         161000	       151	800001ae	022425a3	sw	x2,43(x8)	  x8:0x80003f0b  x2:0x00000131 PA:0x80003f36 store:0x00000131 load:0x00000000
         162000	       152	800001b2	95d2	c.add	x11,x20	 x11:0x00000007 x20:0x80000000 x11=0x80000007
         165000	       155	800001b4	fcc42a83	lw	x21,-52(x8)	  x8:0x80003f0b x21=0x84a5f604 PA:0x80003ed7 load:0x84a5f604
         166000	       156	800001b8	616d	c.addi16sp	x2,240	  x2:0x00000131  x2=0x00000221
         170000	       160	800001ba	024314b3	mulh	x9,x6,x4	  x6:0x00000000  x4:0x00000001  x9=0x00000000
         171000	       161	800001be	010829b3	slt	x19,x16,x16	 x16:0x00000000 x16:0x00000000 x19=0x00000000
         172000	       162	800001c2	41a65813	srai	x16,x12,0x1a	 x12:0xf2fd1ee7 x16=0xfffffffc
         173000	       163	800001c6	019b5db3	srl	x27,x22,x25	 x22:0x00003da7 x25:0x00000004 x27=0x000003da
         174000	       164	800001ca	01339113	slli	x2,x7,0x13	  x7:0x03242825  x2=0x41280000
         177000	       167	800001ce	0e941023	sh	x9,224(x8)	  x8:0x80003f0b  x9:0x00000000 PA:0x80003feb store:0x00000000 load:0x00000004
         179000	       169	800001d2	fa244f83	lbu	x31,-94(x8)	  x8:0x80003f0b x31=0x0000000b PA:0x80003ead load:0x0000000b
         180000	       170	800001d6	6c39	c.lui	x24,0xe	 x24=0x0000e000
         183000	       173	800001d8	fe242e23	sw	x2,-4(x8)	  x8:0x80003f0b  x2:0x41280000 PA:0x80003f07 store:0x41280000 load:0x00000004
         185000	       175	800001dc	f9b41b03	lh	x22,-101(x8)	  x8:0x80003f0b x22=0x0000524e PA:0x80003ea6 load:0x0000524e
         186000	       176	800001e0	409d55b3	sra	x11,x26,x9	 x26:0x00000000  x9:0x00000000 x11=0x00000000
         187000	       177	800001e4	8691	c.srai	x13,0x4	 x13:0xffffffa8 x13=0xfffffffa
         190000	       180	800001e6	f4242f23	sw	x2,-162(x8)	  x8:0x80003f0b  x2:0x41280000 PA:0x80003e69 store:0x41280000 load:0x00040000
         192000	       182	800001ea	07440aa3	sb	x20,117(x8)	  x8:0x80003f0b x20:0x80000000 PA:0x80003f80 store:0x80000000 load:0x00000000
         193000	       183	800001ee	0176d113	srli	x2,x13,0x17	 x13:0xfffffffa  x2=0x000001ff
         195000	       185	800001f2	0d544f83	lbu	x31,213(x8)	  x8:0x80003f0b x31=0x00000073 PA:0x80003fe0 load:0x00000073
         196000	       186	800001f6	8ed1	c.or	x13,x12	 x13:0xfffffffa x12:0xf2fd1ee7 x13=0xffffffff
         197000	       187	800001f8	e01ae717	auipc	x14,0xe01ae	 x14=0x601ae1f8
         199000	       189	800001fc	0e944f83	lbu	x31,233(x8)	  x8:0x80003f0b x31=0x000000d0 PA:0x80003ff4 load:0x000000d0
         203000	       193	80000200	0286af33	mulhsu	x30,x13,x8	 x13:0xffffffff  x8:0x80003f0b x30=0xffffffff
         204000	       194	80000204	01b7b593	sltiu	x11,x15,27	 x15:0x00000001 x11=0x00000001
         206000	       196	80000208	f3245003	lhu	x0,-206(x8)	  x8:0x80003f0b  x0=0x00000000 PA:0x80003e3d load:0x00008f35
         208000	       198	8000020c	01142a83	lw	x21,17(x8)	  x8:0x80003f0b x21=0x434a6c7d PA:0x80003f1c load:0x434a6c7d
         209000	       199	80000210	80c6	c.mv	x1,x17	  x0:0x00000000 x17:0xf2fd1ee7  x1=0xf2fd1ee7
         210000	       200	80000212	48f18013	addi	x0,x3,1167	  x3:0x400a9c73  x0=0x00000000
         212000	       202	80000216	f4e40683	lb	x13,-178(x8)	  x8:0x80003f0b x13=0xfffffff3 PA:0x80003e59 load:0xfffffff3
         215000	       205	8000021a	fbc45003	lhu	x0,-68(x8)	  x8:0x80003f0b  x0=0x00000000 PA:0x80003ec7 load:0x0000a27a
         216000	       206	8000021e	3e8b3193	sltiu	x3,x22,1000	 x22:0x0000524e  x3=0x00000000
         217000	       207	80000222	6149	c.addi16sp	x2,144	  x2:0x000001ff  x2=0x0000028f
         219000	       209	80000224	ff440f23	sb	x20,-2(x8)	  x8:0x80003f0b x20:0x80000000 PA:0x80003f09 store:0x80000000 load:0x00000000
         221000	       211	80000228	fe141b03	lh	x22,-31(x8)	  x8:0x80003f0b x22=0xffff8d13 PA:0x80003eec load:0xffff8d13
         223000	       213	8000022c	0e242ca3	sw	x2,249(x8)	  x8:0x80003f0b  x2:0x0000028f PA:0x80004004 store:0x0000028f load:0x00000000
         225000	       215	80000230	05440023	sb	x20,64(x8)	  x8:0x80003f0b x20:0x80000000 PA:0x80003f4b store:0x80000000 load:0x00000000
         228000	       218	80000234	fdc45003	lhu	x0,-36(x8)	  x8:0x80003f0b  x0=0x00000000 PA:0x80003ee7 load:0x0000b06d
         230000	       220	80000238	fd440ea3	sb	x20,-35(x8)	  x8:0x80003f0b x20:0x80000000 PA:0x80003ee8 store:0x80000000 load:0x00000000
         232000	       222	8000023c	04942a83	lw	x21,73(x8)	  x8:0x80003f0b x21=0xe1b99538 PA:0x80003f54 load:0xe1b99538
         233000	       223	80000240	41735cb3	sra	x25,x6,x23	  x6:0x00000000 x23:0x00000000 x25=0x00000000
         234000	       224	80000244	88703c13	sltiu	x24,x0,-1913	  x0:0x00000000 x24=0x00000001
         235000	       225	80000248	01ac6b33	or	x22,x24,x26	 x24:0x00000001 x26:0x00000000 x22=0x00000001
         236000	       226	8000024c	00d80fb3	add	x31,x16,x13	 x16:0xfffffffc x13:0xfffffff3 x31=0xffffffef
         237000	       227	80000250	86fd	c.srai	x13,0x1f	 x13:0xfffffff3 x13=0xffffffff
         238000	       228	80000252	b9b3c613	xori	x12,x7,-1125	  x7:0x03242825 x12=0xfcdbd3be
         239000	       229	80000256	95aa	c.add	x11,x10	 x11:0x00000001 x10:0x8000fc84 x11=0x8000fc85
         240000	       230	80000258	0001	c.addi	x0,0	  x0:0x00000000  x0=0x00000000
         277000	       267	8000025a	02cc5433	divu	x8,x24,x12	 x24:0x00000001 x12:0xfcdbd3be  x8=0x00000000
         278000	       268	8000025e	8df1	c.and	x11,x12	 x11:0x8000fc85 x12:0xfcdbd3be x11=0x8000d084
         279000	       269	80000260	54d57d93	andi	x27,x10,1357	 x10:0x8000fc84 x27=0x00000404
         280000	       270	80000264	6135	c.addi16sp	x2,352	  x2:0x0000028f  x2=0x000003ef
         284000	       274	80000266	021d1fb3	mulh	x31,x26,x1	 x26:0x00000000  x1:0xf2fd1ee7 x31=0x00000000
         285000	       275	8000026a	009b0863	beq	x22,x9,8000027a	 x22:0x00000001  x9:0x00000000
         286000	       276	8000026e	8d81ec37	lui	x24,0x8d81e	 x24=0x8d81e000
         287000	       277	80000272	0dfa	c.slli	x27,0x1e	 x27:0x00000404 x27=0x00000000
         288000	       278	80000274	86b9	c.srai	x13,0xe	 x13:0xffffffff x13=0xffffffff
         289000	       279	80000276	016e7233	and	x4,x28,x22	 x28:0xf142b8eb x22:0x00000001  x4=0x00000001
         291000	       281	8000027a	00457c63	bgeu	x10,x4,80000292	 x10:0x8000fc84  x4:0x00000001
         294000	       284	80000292	418b58b3	sra	x17,x22,x24	 x22:0x00000001 x24:0x8d81e000 x17=0x00000001
         295000	       285	80000296	4185	c.li	x3,1	  x3=0x00000001
         296000	       286	80000298	c199	c.beqz	x11,8000029e	 x11:0x8000d084
         297000	       287	8000029a	40ec8033	sub	x0,x25,x14	 x25:0x00000000 x14:0x601ae1f8  x0=0x00000000
         298000	       288	8000029e	8ba5	c.andi	x15,9	 x15:0x00000001 x15=0x00000001
         299000	       289	800002a0	01cb2333	slt	x6,x22,x28	 x22:0x00000001 x28:0xf142b8eb  x6=0x00000000
         300000	       290	800002a4	01a3d213	srli	x4,x7,0x1a	  x7:0x03242825  x4=0x00000000
         302000	       292	800002a8	007a9663	bne	x21,x7,800002b4	 x21:0xe1b99538  x7:0x03242825
         304000	       294	800002b4	014a	c.slli	x2,0x12	  x2:0x000003ef  x2=0x0fbc0000
         305000	       295	800002b6	8cef7037	lui	x0,0x8cef7	  x0=0x00000000
         306000	       296	800002ba	00211fb3	sll	x31,x2,x2	  x2:0x0fbc0000  x2:0x0fbc0000 x31=0x0fbc0000
         307000	       297	800002be	0001	c.addi	x0,0	  x0:0x00000000  x0=0x00000000
         308000	       298	800002c0	0c26	c.slli	x24,0x9	 x24:0x8d81e000 x24=0x03c00000
         310000	       300	800002c2	0399d463	bge	x19,x25,800002ea	 x19:0x00000000 x25:0x00000000
         313000	       303	800002ea	017e9213	slli	x4,x29,0x17	 x29:0x00000000  x4=0x00000000
         314000	       304	800002ee	01f35d93	srli	x27,x6,0x1f	  x6:0x00000000 x27=0x00000000
         315000	       305	800002f2	0001	c.addi	x0,0	  x0:0x00000000  x0=0x00000000
         316000	       306	800002f4	8ac1	c.andi	x13,16	 x13:0xffffffff x13=0x00000010
         317000	       307	800002f6	643d	c.lui	x8,0xf	  x8=0x0000f000
         318000	       308	800002f8	8dc9	c.or	x11,x10	 x11:0x8000d084 x10:0x8000fc84 x11=0x8000fc84
         320000	       310	800002fa	00cfed63	bltu	x31,x12,80000314	 x31:0x0fbc0000 x12:0xfcdbd3be
         322000	       312	80000314	00c80233	add	x4,x16,x12	 x16:0xfffffffc x12:0xfcdbd3be  x4=0xfcdbd3ba
         323000	       313	80000318	00000e97	auipc	x29,0x0	 x29=0x80000318
         324000	       314	8000031c	00ce8e93	addi	x29,x29,12	 x29:0x80000318 x29=0x80000324
         326000	       316	80000320	000e8067	jalr	x0,0(x29)	 x29:0x80000324  x0=0x00000000
         327000	       317	80000324	4185	c.li	x3,1	  x3=0x00000001
         328000	       318	80000326	00000073	ecall	
         332000	       322	80000000	6fc0106f	jal	x0,800016fc	  x0=0x00000000
         333000	       323	800016fc	34091973	csrrw	x18,mscratch,x18	 x18:0x8000ae64 x18=0x00000000
         334000	       324	80001700	00050933	add	x18,x10,x0	 x10:0x8000fc84  x0:0x00000000 x18=0x8000fc84
         335000	       325	80001704	f8490913	addi	x18,x18,-124	 x18:0x8000fc84 x18=0x8000fc08
         337000	       327	80001708	00192223	sw	x1,4(x18)	 x18:0x8000fc08  x1:0xf2fd1ee7 PA:0x8000fc0c store:0xf2fd1ee7 load:0x00000000
         339000	       329	8000170c	00292423	sw	x2,8(x18)	 x18:0x8000fc08  x2:0x0fbc0000 PA:0x8000fc10 store:0x0fbc0000 load:0x00000000
         341000	       331	80001710	00392623	sw	x3,12(x18)	 x18:0x8000fc08  x3:0x00000001 PA:0x8000fc14 store:0x00000001 load:0x00000000
         343000	       333	80001714	00492823	sw	x4,16(x18)	 x18:0x8000fc08  x4:0xfcdbd3ba PA:0x8000fc18 store:0xfcdbd3ba load:0x00000000
         345000	       335	80001718	00592a23	sw	x5,20(x18)	 x18:0x8000fc08  x5:0x97713dfc PA:0x8000fc1c store:0x97713dfc load:0x00000000
         347000	       337	8000171c	00692c23	sw	x6,24(x18)	 x18:0x8000fc08  x6:0x00000000 PA:0x8000fc20 store:0x00000000 load:0x00000000
         349000	       339	80001720	00792e23	sw	x7,28(x18)	 x18:0x8000fc08  x7:0x03242825 PA:0x8000fc24 store:0x03242825 load:0x00000000
         351000	       341	80001724	02892023	sw	x8,32(x18)	 x18:0x8000fc08  x8:0x0000f000 PA:0x8000fc28 store:0x0000f000 load:0x00000000
         353000	       343	80001728	02992223	sw	x9,36(x18)	 x18:0x8000fc08  x9:0x00000000 PA:0x8000fc2c store:0x00000000 load:0x00000000
         355000	       345	8000172c	02a92423	sw	x10,40(x18)	 x18:0x8000fc08 x10:0x8000fc84 PA:0x8000fc30 store:0x8000fc84 load:0x00000000
         357000	       347	80001730	02b92623	sw	x11,44(x18)	 x18:0x8000fc08 x11:0x8000fc84 PA:0x8000fc34 store:0x8000fc84 load:0x00000000
         359000	       349	80001734	02c92823	sw	x12,48(x18)	 x18:0x8000fc08 x12:0xfcdbd3be PA:0x8000fc38 store:0xfcdbd3be load:0x00000000
         361000	       351	80001738	02d92a23	sw	x13,52(x18)	 x18:0x8000fc08 x13:0x00000010 PA:0x8000fc3c store:0x00000010 load:0x00000000
         363000	       353	8000173c	02e92c23	sw	x14,56(x18)	 x18:0x8000fc08 x14:0x601ae1f8 PA:0x8000fc40 store:0x601ae1f8 load:0x00000000
         365000	       355	80001740	02f92e23	sw	x15,60(x18)	 x18:0x8000fc08 x15:0x00000001 PA:0x8000fc44 store:0x00000001 load:0x00000000
         367000	       357	80001744	05092023	sw	x16,64(x18)	 x18:0x8000fc08 x16:0xfffffffc PA:0x8000fc48 store:0xfffffffc load:0x00000000
         369000	       359	80001748	05192223	sw	x17,68(x18)	 x18:0x8000fc08 x17:0x00000001 PA:0x8000fc4c store:0x00000001 load:0x00000000
         371000	       361	8000174c	05292423	sw	x18,72(x18)	 x18:0x8000fc08 x18:0x8000fc08 PA:0x8000fc50 store:0x8000fc08 load:0x00000000
         373000	       363	80001750	05392623	sw	x19,76(x18)	 x18:0x8000fc08 x19:0x00000000 PA:0x8000fc54 store:0x00000000 load:0x00000000
         375000	       365	80001754	05492823	sw	x20,80(x18)	 x18:0x8000fc08 x20:0x80000000 PA:0x8000fc58 store:0x80000000 load:0x00000000
         377000	       367	80001758	05592a23	sw	x21,84(x18)	 x18:0x8000fc08 x21:0xe1b99538 PA:0x8000fc5c store:0xe1b99538 load:0x00000000
         379000	       369	8000175c	05692c23	sw	x22,88(x18)	 x18:0x8000fc08 x22:0x00000001 PA:0x8000fc60 store:0x00000001 load:0x00000000
         381000	       371	80001760	05792e23	sw	x23,92(x18)	 x18:0x8000fc08 x23:0x00000000 PA:0x8000fc64 store:0x00000000 load:0x00000000
         383000	       373	80001764	07892023	sw	x24,96(x18)	 x18:0x8000fc08 x24:0x03c00000 PA:0x8000fc68 store:0x03c00000 load:0x00000000
         385000	       375	80001768	07992223	sw	x25,100(x18)	 x18:0x8000fc08 x25:0x00000000 PA:0x8000fc6c store:0x00000000 load:0x00000000
         387000	       377	8000176c	07a92423	sw	x26,104(x18)	 x18:0x8000fc08 x26:0x00000000 PA:0x8000fc70 store:0x00000000 load:0x00000000
         389000	       379	80001770	07b92623	sw	x27,108(x18)	 x18:0x8000fc08 x27:0x00000000 PA:0x8000fc74 store:0x00000000 load:0x00000000
         391000	       381	80001774	07c92823	sw	x28,112(x18)	 x18:0x8000fc08 x28:0xf142b8eb PA:0x8000fc78 store:0xf142b8eb load:0x00000000
         393000	       383	80001778	07d92a23	sw	x29,116(x18)	 x18:0x8000fc08 x29:0x80000324 PA:0x8000fc7c store:0x80000324 load:0x00000000
         395000	       385	8000177c	07e92c23	sw	x30,120(x18)	 x18:0x8000fc08 x30:0xffffffff PA:0x8000fc80 store:0xffffffff load:0x00000000
         397000	       387	80001780	07f92e23	sw	x31,124(x18)	 x18:0x8000fc08 x31:0x0fbc0000 PA:0x8000fc84 store:0x0fbc0000 load:0x00000000
         398000	       388	80001784	34102173	csrrs	x2,mepc,x0	  x0:0x00000000  x2=0x80000326
         399000	       389	80001788	34202173	csrrs	x2,mcause,x0	  x0:0x00000000  x2=0x0000000b
         400000	       390	8000178c	4fad	c.li	x31,11	 x31=0x0000000b
         402000	       392	8000178e	01f10d63	beq	x2,x31,800017a8	  x2:0x0000000b x31:0x0000000b
         404000	       394	800017a8	fffff117	auipc	x2,0xfffff	  x2=0x800007a8
         405000	       395	800017ac	8d810113	addi	x2,x2,-1832	  x2:0x800007a8  x2=0x80000080
         407000	       397	800017b0	c002	c.swsp	x0,0(x2)	  x2:0x80000080  x0:0x00000000 PA:0x80000080 store:0x00000000 load:0x00000000
         409000	       399	800017b2	c206	c.swsp	x1,4(x2)	  x2:0x80000080  x1:0xf2fd1ee7 PA:0x80000084 store:0xf2fd1ee7 load:0x00000000
         411000	       401	800017b4	c40a	c.swsp	x2,8(x2)	  x2:0x80000080  x2:0x80000080 PA:0x80000088 store:0x80000080 load:0x00000000
         413000	       403	800017b6	c60e	c.swsp	x3,12(x2)	  x2:0x80000080  x3:0x00000001 PA:0x8000008c store:0x00000001 load:0x00000000
         415000	       405	800017b8	c812	c.swsp	x4,16(x2)	  x2:0x80000080  x4:0xfcdbd3ba PA:0x80000090 store:0xfcdbd3ba load:0x00000000
         417000	       407	800017ba	ca16	c.swsp	x5,20(x2)	  x2:0x80000080  x5:0x97713dfc PA:0x80000094 store:0x97713dfc load:0x00000000
         419000	       409	800017bc	cc1a	c.swsp	x6,24(x2)	  x2:0x80000080  x6:0x00000000 PA:0x80000098 store:0x00000000 load:0x00000000
         421000	       411	800017be	ce1e	c.swsp	x7,28(x2)	  x2:0x80000080  x7:0x03242825 PA:0x8000009c store:0x03242825 load:0x00000000
         423000	       413	800017c0	d022	c.swsp	x8,32(x2)	  x2:0x80000080  x8:0x0000f000 PA:0x800000a0 store:0x0000f000 load:0x00000000
         425000	       415	800017c2	d226	c.swsp	x9,36(x2)	  x2:0x80000080  x9:0x00000000 PA:0x800000a4 store:0x00000000 load:0x00000000
         427000	       417	800017c4	d42a	c.swsp	x10,40(x2)	  x2:0x80000080 x10:0x8000fc84 PA:0x800000a8 store:0x8000fc84 load:0x00000000
         429000	       419	800017c6	d62e	c.swsp	x11,44(x2)	  x2:0x80000080 x11:0x8000fc84 PA:0x800000ac store:0x8000fc84 load:0x00000000
         431000	       421	800017c8	d832	c.swsp	x12,48(x2)	  x2:0x80000080 x12:0xfcdbd3be PA:0x800000b0 store:0xfcdbd3be load:0x00000000
         433000	       423	800017ca	da36	c.swsp	x13,52(x2)	  x2:0x80000080 x13:0x00000010 PA:0x800000b4 store:0x00000010 load:0x00000000
         435000	       425	800017cc	dc3a	c.swsp	x14,56(x2)	  x2:0x80000080 x14:0x601ae1f8 PA:0x800000b8 store:0x601ae1f8 load:0x00000000
         437000	       427	800017ce	de3e	c.swsp	x15,60(x2)	  x2:0x80000080 x15:0x00000001 PA:0x800000bc store:0x00000001 load:0x00000000
         439000	       429	800017d0	c0c2	c.swsp	x16,64(x2)	  x2:0x80000080 x16:0xfffffffc PA:0x800000c0 store:0xfffffffc load:0x00000000
         441000	       431	800017d2	c2c6	c.swsp	x17,68(x2)	  x2:0x80000080 x17:0x00000001 PA:0x800000c4 store:0x00000001 load:0x00000000
         443000	       433	800017d4	c4ca	c.swsp	x18,72(x2)	  x2:0x80000080 x18:0x8000fc08 PA:0x800000c8 store:0x8000fc08 load:0x00000000
         445000	       435	800017d6	c6ce	c.swsp	x19,76(x2)	  x2:0x80000080 x19:0x00000000 PA:0x800000cc store:0x00000000 load:0x00000000
         447000	       437	800017d8	c8d2	c.swsp	x20,80(x2)	  x2:0x80000080 x20:0x80000000 PA:0x800000d0 store:0x80000000 load:0x00000000
         449000	       439	800017da	cad6	c.swsp	x21,84(x2)	  x2:0x80000080 x21:0xe1b99538 PA:0x800000d4 store:0xe1b99538 load:0x00000000
         451000	       441	800017dc	ccda	c.swsp	x22,88(x2)	  x2:0x80000080 x22:0x00000001 PA:0x800000d8 store:0x00000001 load:0x00000000
         453000	       443	800017de	cede	c.swsp	x23,92(x2)	  x2:0x80000080 x23:0x00000000 PA:0x800000dc store:0x00000000 load:0x00000000
         455000	       445	800017e0	d0e2	c.swsp	x24,96(x2)	  x2:0x80000080 x24:0x03c00000 PA:0x800000e0 store:0x03c00000 load:0x00000000
         457000	       447	800017e2	d2e6	c.swsp	x25,100(x2)	  x2:0x80000080 x25:0x00000000 PA:0x800000e4 store:0x00000000 load:0x00000000
         459000	       449	800017e4	d4ea	c.swsp	x26,104(x2)	  x2:0x80000080 x26:0x00000000 PA:0x800000e8 store:0x00000000 load:0x00000000
         461000	       451	800017e6	d6ee	c.swsp	x27,108(x2)	  x2:0x80000080 x27:0x00000000 PA:0x800000ec store:0x00000000 load:0x00000000
         463000	       453	800017e8	d8f2	c.swsp	x28,112(x2)	  x2:0x80000080 x28:0xf142b8eb PA:0x800000f0 store:0xf142b8eb load:0x00000000
         465000	       455	800017ea	daf6	c.swsp	x29,116(x2)	  x2:0x80000080 x29:0x80000324 PA:0x800000f4 store:0x80000324 load:0x00000000
         467000	       457	800017ec	dcfa	c.swsp	x30,120(x2)	  x2:0x80000080 x30:0xffffffff PA:0x800000f8 store:0xffffffff load:0x00000000
         469000	       459	800017ee	defe	c.swsp	x31,124(x2)	  x2:0x80000080 x31:0x0000000b PA:0x800000fc store:0x0000000b load:0x00000000
         470000	       460	800017f0	34102173	csrrs	x2,mepc,x0	  x0:0x00000000  x2=0x80000326
         471000	       461	800017f4	0111	c.addi	x2,4	  x2:0x80000326  x2=0x8000032a
         472000	       462	800017f6	34111073	csrrw	x0,mepc,x2	  x2:0x8000032a  x0=0x00000000
         473000	       463	800017fa	30200073	mret	
         477000	       467	8000032a	00002f17	auipc	x30,0x2	 x30=0x8000232a
         479000	       469	8000032e	cc3f2b23	sw	x3,-810(x30)	 x30:0x8000232a  x3:0x00000001 PA:0x80002000 store:0x00000001 load:0x00000000
